<?xml version="1.0" encoding="UTF-8"?>
<Site BuildName="(empty)"
	BuildStamp="20240826-0618-Experimental"
	Name="cr7-750XBE-730XBE"
	Generator="ctest-3.16.3"
	CompilerName="/usr/bin/c++"
	CompilerVersion="9.4.0"
	OSName="Linux"
	Hostname="cr7-750XBE-730XBE"
	OSRelease="5.15.0-117-generic"
	OSVersion="#127~20.04.1-Ubuntu SMP Thu Jul 11 15:36:12 UTC 2024"
	OSPlatform="x86_64"
	Is64Bits="1"
	VendorString="GenuineIntel"
	VendorID="Intel Corporation"
	FamilyID="6"
	ModelID="142"
	ProcessorCacheSize="6144"
	NumberOfLogicalCPU="8"
	NumberOfPhysicalCPU="4"
	TotalVirtualMemory="2047"
	TotalPhysicalMemory="7827"
	LogicalProcessorsPerPhysical="2"
	ProcessorClockFrequency="3432.14"
	>
	<Testing>
		<StartDateTime>Aug 26 15:18 KST</StartDateTime>
		<StartTestTime>1724653111</StartTestTime>
		<TestList/>
		<EndDateTime>Aug 26 15:18 KST</EndDateTime>
		<EndTestTime>1724653111</EndTestTime>
		<ElapsedMinutes>0</ElapsedMinutes>
	</Testing>
</Site>
