<?xml version="1.0" encoding="UTF-8"?>
<Site BuildName="(empty)"
	BuildStamp="20240902-1032-Experimental"
	Name="cr7-750XBE-730XBE"
	Generator="ctest-3.16.3"
	CompilerName="/usr/bin/c++"
	CompilerVersion="9.4.0"
	OSName="Linux"
	Hostname="cr7-750XBE-730XBE"
	OSRelease="5.15.0-119-generic"
	OSVersion="#129~20.04.1-Ubuntu SMP Wed Aug 7 13:07:13 UTC 2024"
	OSPlatform="x86_64"
	Is64Bits="1"
	VendorString="GenuineIntel"
	VendorID="Intel Corporation"
	FamilyID="6"
	ModelID="142"
	ProcessorCacheSize="6144"
	NumberOfLogicalCPU="8"
	NumberOfPhysicalCPU="4"
	TotalVirtualMemory="2047"
	TotalPhysicalMemory="7827"
	LogicalProcessorsPerPhysical="2"
	ProcessorClockFrequency="3515.91"
	>
	<Testing>
		<StartDateTime>Sep 02 19:32 KST</StartDateTime>
		<StartTestTime>1725273124</StartTestTime>
		<TestList/>
		<EndDateTime>Sep 02 19:32 KST</EndDateTime>
		<EndTestTime>1725273124</EndTestTime>
		<ElapsedMinutes>0</ElapsedMinutes>
	</Testing>
</Site>
